<?xml version="1.0" encoding="UTF-8"?>
<!-- Generated by org.testng.reporters.JUnitReportReporter -->
<testsuite hostname="5CD120HMLC" failures="0" tests="1" name="com.mymusclechef.demo.testcases.TestCase_001_Application_Login" time="29.156" errors="0" timestamp="28 Oct 2021 04:26:31 GMT" skipped="0">
  <testcase classname="com.mymusclechef.demo.testcases.TestCase_001_Application_Login" name="user_loginTest_PositiveScenario" time="29.156"/>
</testsuite> <!-- com.mymusclechef.demo.testcases.TestCase_001_Application_Login -->
