<?xml version="1.0" encoding="UTF-8"?>
<!-- Generated by org.testng.reporters.JUnitReportReporter -->
<testsuite hostname="5CD120HMLC" failures="0" tests="3" name="com.mymusclechef.demo.testcases.TestCase_001_User_cannot_add_to_cart_unless_he_adds_minimun_amount_of_99_dollars" time="65.496" errors="0" timestamp="28 Oct 2021 15:28:17 GMT" skipped="0">
  <testcase classname="com.mymusclechef.demo.testcases.TestCase_001_User_cannot_add_to_cart_unless_he_adds_minimun_amount_of_99_dollars" name="user_cannot_Add_to_Cart_unless_he_adds_the_minimum_amount_of_99_dollars" time="65.424"/>
  <testcase classname="com.mymusclechef.demo.testcases.TestCase_001_User_cannot_add_to_cart_unless_he_adds_minimun_amount_of_99_dollars" name="check_the_number_of_items_in_the_Add_to_Cart_button_is_correct" time="0.043"/>
  <testcase classname="com.mymusclechef.demo.testcases.TestCase_001_User_cannot_add_to_cart_unless_he_adds_minimun_amount_of_99_dollars" name="check_if_the_price_is_correct_in_the_Add_to_Cart_button" time="0.029"/>
</testsuite> <!-- com.mymusclechef.demo.testcases.TestCase_001_User_cannot_add_to_cart_unless_he_adds_minimun_amount_of_99_dollars -->
