<?xml version="1.0" encoding="UTF-8"?>
<!-- Generated by org.testng.reporters.JUnitReportReporter -->
<testsuite skipped="0" hostname="Mds-MacBook-Pro.attlocal.net" name="com.mymusclechef.demo.testcases.TestCase_001_Validate_Olivegarden_Homepage" tests="1" failures="0" timestamp="02 Feb 2022 06:09:07 GMT" time="2.889" errors="0">
  <testcase name="user_cannot_Add_to_Cart_unless_he_adds_the_minimum_amount_of_99_dollars" time="2.889" classname="com.mymusclechef.demo.testcases.TestCase_001_Validate_Olivegarden_Homepage"/>
</testsuite> <!-- com.mymusclechef.demo.testcases.TestCase_001_Validate_Olivegarden_Homepage -->
