<?xml version="1.0" encoding="UTF-8"?>
<!-- Generated by org.testng.reporters.JUnitReportReporter -->
<testsuite skipped="0" hostname="Mds-MacBook-Pro.attlocal.net" name="com.conduit.demo.testcases.TestCase_002_Validate_Conduit_SignIn_Scenarios" tests="2" failures="0" timestamp="05 Feb 2022 05:03:47 GMT" time="31.720" errors="0">
  <testcase name="user_should_be_able_to_sign_with_valid_credentials" time="21.496" classname="com.conduit.demo.testcases.TestCase_002_Validate_Conduit_SignIn_Scenarios"/>
  <testcase name="user_should_not_be_able_to_sign_with_invalid_credentials" time="10.224" classname="com.conduit.demo.testcases.TestCase_002_Validate_Conduit_SignIn_Scenarios"/>
</testsuite> <!-- com.conduit.demo.testcases.TestCase_002_Validate_Conduit_SignIn_Scenarios -->
