<?xml version="1.0" encoding="UTF-8"?>
<!-- Generated by org.testng.reporters.JUnitReportReporter -->
<testsuite skipped="0" hostname="Mds-MacBook-Pro.attlocal.net" name="com.selenium.demo.testcases.TestCase_001_Validate_Olivegarden_Homepage" tests="1" failures="0" timestamp="05 Feb 2022 02:57:52 GMT" time="0.365" errors="0">
  <testcase name="user_cannot_Add_to_Cart_unless_he_adds_the_minimum_amount_of_99_dollars" time="0.365" classname="com.selenium.demo.testcases.TestCase_001_Validate_Olivegarden_Homepage"/>
</testsuite> <!-- com.selenium.demo.testcases.TestCase_001_Validate_Olivegarden_Homepage -->
