<?xml version="1.0" encoding="UTF-8"?>
<!-- Generated by org.testng.reporters.JUnitReportReporter -->
<testsuite skipped="0" hostname="Mds-MacBook-Pro.attlocal.net" name="com.conduit.demo.testcases.TestCase_001_Validate_Conduit_Homepage" tests="1" failures="0" timestamp="05 Feb 2022 03:15:55 GMT" time="10.266" errors="0">
  <testcase name="user_cannot_Add_to_Cart_unless_he_adds_the_minimum_amount_of_99_dollars" time="10.266" classname="com.conduit.demo.testcases.TestCase_001_Validate_Conduit_Homepage"/>
</testsuite> <!-- com.conduit.demo.testcases.TestCase_001_Validate_Conduit_Homepage -->
